listener logРоман [537208535]: /start
Роман [537208535]: /help
Роман [537208535]: /errors on
Роман [537208535]: /errors on
Роман [537208535]: /status
Роман [537208535]: /status all
Роман [537208535]: /value all
24415 [1065254432]: /start
Дмитрий [1065254432]: /start
Роман [537208535]: /fgg
Роман [537208535]: /eeth
Роман [537208535]: /fgj
Роман [537208535]: /aetg
Роман [537208535]: Fhj
Роман [537208535]: Gg
Роман [537208535]: Xdhhi
Роман [537208535]: 567
Роман [537208535]: 467
Роман [537208535]: 45yu
Роман [537208535]: Cu ii
Роман [537208535]: But
Роман [537208535]: Cu
Роман [537208535]: Fgj
Роман [537208535]: Fgj
Р РѕРјР°РЅ [537208535]: /status all
